# JRE version: Java(TM) SE Runtime Environment (8.0_31-b13) (build 1.8.0_31-b13)
# Java VM: Java HotSpot(TM) Client VM (25.31-b07 mixed mode windows-x86 )
Heap:
 def new generation   total 9728K, used 7747K [0x03e00000, 0x04880000, 0x09350000)
  eden space 8704K,  89% used [0x03e00000, 0x04590fe0, 0x04680000)
  from space 1024K,   0% used [0x04680000, 0x04680000, 0x04780000)
  to   space 1024K,   0% used [0x04780000, 0x04780000, 0x04880000)
 tenured generation   total 21392K, used 12834K [0x09350000, 0x0a834000, 0x13e00000)
   the space 21392K,  59% used [0x09350000, 0x09fd8a88, 0x09fd8c00, 0x0a834000)
 Metaspace       used 8570K, capacity 8682K, committed 8704K, reserved 9600K
GC Heap History (10 events):
Event: 2.313 GC heap before
{Heap before GC invocations=9 (full 0):
 def new generation   total 4928K, used 4928K [0x03e00000, 0x04350000, 0x09350000)
  eden space 4416K, 100% used [0x03e00000, 0x04250000, 0x04250000)
  from space 512K, 100% used [0x042d0000, 0x04350000, 0x04350000)
  to   space 512K,   0% used [0x04250000, 0x04250000, 0x042d0000)
 tenured generation   total 10944K, used 7762K [0x09350000, 0x09e00000, 0x13e00000)
   the space 10944K,  70% used [0x09350000, 0x09ae4ae0, 0x09ae4c00, 0x09e00000)
 Metaspace       used 8249K, capacity 8356K, committed 8448K, reserved 8576K
Event: 2.316 GC heap after
Heap after GC invocations=10 (full 0):
 def new generation   total 4928K, used 298K [0x03e00000, 0x04350000, 0x09350000)
  eden space 4416K,   0% used [0x03e00000, 0x03e00000, 0x04250000)
  from space 512K,  58% used [0x04250000, 0x0429a8f8, 0x042d0000)
  to   space 512K,   0% used [0x042d0000, 0x042d0000, 0x04350000)
 tenured generation   total 10944K, used 8274K [0x09350000, 0x09e00000, 0x13e00000)
   the space 10944K,  75% used [0x09350000, 0x09b64918, 0x09b64a00, 0x09e00000)
 Metaspace       used 8249K, capacity 8356K, committed 8448K, reserved 8576K
}
Event: 2.931 GC heap before
{Heap before GC invocations=10 (full 0):
 def new generation   total 4928K, used 4714K [0x03e00000, 0x04350000, 0x09350000)
  eden space 4416K, 100% used [0x03e00000, 0x04250000, 0x04250000)
  from space 512K,  58% used [0x04250000, 0x0429a8f8, 0x042d0000)
  to   space 512K,   0% used [0x042d0000, 0x042d0000, 0x04350000)
 tenured generation   total 10944K, used 8274K [0x09350000, 0x09e00000, 0x13e00000)
   the space 10944K,  75% used [0x09350000, 0x09b64918, 0x09b64a00, 0x09e00000)
 Metaspace       used 8306K, capacity 8425K, committed 8448K, reserved 8576K
Event: 2.934 GC heap after
Heap after GC invocations=11 (full 0):
 def new generation   total 4928K, used 512K [0x03e00000, 0x04350000, 0x09350000)
  eden space 4416K,   0% used [0x03e00000, 0x03e00000, 0x04250000)
  from space 512K, 100% used [0x042d0000, 0x04350000, 0x04350000)
  to   space 512K,   0% used [0x04250000, 0x04250000, 0x042d0000)
 tenured generation   total 10944K, used 8618K [0x09350000, 0x09e00000, 0x13e00000)
   the space 10944K,  78% used [0x09350000, 0x09bbaab8, 0x09bbac00, 0x09e00000)
 Metaspace       used 8306K, capacity 8425K, committed 8448K, reserved 8576K
}
Event: 3.814 GC heap before
{Heap before GC invocations=11 (full 0):
 def new generation   total 4928K, used 4928K [0x03e00000, 0x04350000, 0x09350000)
  eden space 4416K, 100% used [0x03e00000, 0x04250000, 0x04250000)
  from space 512K, 100% used [0x042d0000, 0x04350000, 0x04350000)
  to   space 512K,   0% used [0x04250000, 0x04250000, 0x042d0000)
 tenured generation   total 10944K, used 8618K [0x09350000, 0x09e00000, 0x13e00000)
   the space 10944K,  78% used [0x09350000, 0x09bbaab8, 0x09bbac00, 0x09e00000)
 Metaspace       used 8387K, capacity 8507K, committed 8576K, reserved 8576K
Event: 3.817 GC heap after
Heap after GC invocations=12 (full 0):
 def new generation   total 4928K, used 512K [0x03e00000, 0x04350000, 0x09350000)
  eden space 4416K,   0% used [0x03e00000, 0x03e00000, 0x04250000)
  from space 512K, 100% used [0x04250000, 0x042d0000, 0x042d0000)
  to   space 512K,   0% used [0x042d0000, 0x042d0000, 0x04350000)
 tenured generation   total 10944K, used 9357K [0x09350000, 0x09e00000, 0x13e00000)
   the space 10944K,  85% used [0x09350000, 0x09c73640, 0x09c73800, 0x09e00000)
 Metaspace       used 8387K, capacity 8507K, committed 8576K, reserved 8576K
}
Event: 4.928 GC heap before
{Heap before GC invocations=12 (full 0):
 def new generation   total 4928K, used 4928K [0x03e00000, 0x04350000, 0x09350000)
  eden space 4416K, 100% used [0x03e00000, 0x04250000, 0x04250000)
  from space 512K, 100% used [0x04250000, 0x042d0000, 0x042d0000)
  to   space 512K,   0% used [0x042d0000, 0x042d0000, 0x04350000)
 tenured generation   total 10944K, used 9357K [0x09350000, 0x09e00000, 0x13e00000)
   the space 10944K,  85% used [0x09350000, 0x09c73640, 0x09c73800, 0x09e00000)
 Metaspace       used 8391K, capacity 8512K, committed 8576K, reserved 8576K
Event: 4.931 GC heap after
Heap after GC invocations=13 (full 0):
 def new generation   total 4928K, used 512K [0x03e00000, 0x04350000, 0x09350000)
  eden space 4416K,   0% used [0x03e00000, 0x03e00000, 0x04250000)
  from space 512K, 100% used [0x042d0000, 0x04350000, 0x04350000)
  to   space 512K,   0% used [0x04250000, 0x04250000, 0x042d0000)
 tenured generation   total 10944K, used 10865K [0x09350000, 0x09e00000, 0x13e00000)
   the space 10944K,  99% used [0x09350000, 0x09dec788, 0x09dec800, 0x09e00000)
 Metaspace       used 8391K, capacity 8512K, committed 8576K, reserved 8576K
}
Event: 4.949 GC heap before
{Heap before GC invocations=13 (full 0):
 def new generation   total 4928K, used 4928K [0x03e00000, 0x04350000, 0x09350000)
  eden space 4416K, 100% used [0x03e00000, 0x04250000, 0x04250000)
  from space 512K, 100% used [0x042d0000, 0x04350000, 0x04350000)
  to   space 512K,   0% used [0x04250000, 0x04250000, 0x042d0000)
 tenured generation   total 10944K, used 10865K [0x09350000, 0x09e00000, 0x13e00000)
   the space 10944K,  99% used [0x09350000, 0x09dec788, 0x09dec800, 0x09e00000)
 Metaspace       used 8391K, capacity 8512K, committed 8576K, reserved 8576K
Event: 4.979 GC heap after
Heap after GC invocations=14 (full 1):
 def new generation   total 9728K, used 0K [0x03e00000, 0x04880000, 0x09350000)
  eden space 8704K,   0% used [0x03e00000, 0x03e00000, 0x04680000)
  from space 1024K,   0% used [0x04680000, 0x04680000, 0x04780000)
  to   space 1024K,   0% used [0x04780000, 0x04780000, 0x04880000)
 tenured generation   total 21392K, used 12834K [0x09350000, 0x0a834000, 0x13e00000)
   the space 21392K,  59% used [0x09350000, 0x09fd8a88, 0x09fd8c00, 0x0a834000)
 Metaspace       used 8390K, capacity 8510K, committed 8576K, reserved 8576K
}

